2019-03-24__18:16:43 0.15 0.07 0.01 33.99 51.54°C note
2019-03-24__18:16:49 0.14 0.07 0.01 0.50 52.07°C note
2019-03-24__18:16:55 0.20 0.08 0.02 2.43 52.61°C note
2019-03-24__18:17:00 0.18 0.08 0.02 1.47 51.54°C note
2019-03-24__18:17:06 0.16 0.08 0.02 0.99 52.07°C note
2019-03-24__18:17:11 0.15 0.08 0.02 2.95 51.54°C note
2019-03-24__18:17:17 0.14 0.07 0.02 2.95 52.07°C note
2019-03-24__18:17:23 0.13 0.07 0.01 8.87 51.54°C note
2019-03-24__18:17:28 0.12 0.07 0.01 3.40 52.07°C note
2019-03-24__18:17:34 0.11 0.07 0.01 21.11 52.07°C note
2019-03-24__18:17:39 0.33 0.12 0.03 2.44 52.07°C note
2019-03-24__18:17:45 0.54 0.17 0.05 2.49 52.61°C note
2019-03-24__18:17:51 0.50 0.16 0.05 1.00 51.54°C note
2019-03-24__18:17:56 0.46 0.16 0.04 1.97 51.54°C note
2019-03-24__18:18:02 0.42 0.16 0.04 3.85 52.07°C note
2019-03-24__18:18:08 0.39 0.15 0.04 31.19 51.54°C note
2019-03-24__18:18:13 0.35 0.15 0.04 1.95 51.00°C note
2019-03-24__18:18:19 0.33 0.15 0.04 2.93 52.61°C note
2019-03-24__18:18:24 0.30 0.15 0.04 1.47 51.54°C note
2019-03-24__18:18:30 0.41 0.17 0.05 3.95 52.61°C note
