2019-03-24__18:16:43 1 / 29899 12147	 58%
2019-03-24__18:16:43 1 /boot 42 21	 51%
2019-03-24__18:16:43 0 disk 29941 12168 60%
 
2019-03-24__18:16:53 1 / 29899 12147	 58%
2019-03-24__18:16:53 1 /boot 42 21	 51%
2019-03-24__18:16:53 0 disk 29941 12168 60%
 
2019-03-24__18:17:03 1 / 29899 12147	 58%
2019-03-24__18:17:03 1 /boot 42 21	 51%
2019-03-24__18:17:03 0 disk 29941 12168 60%
 
2019-03-24__18:17:13 1 / 29899 12147	 58%
2019-03-24__18:17:13 1 /boot 42 21	 51%
2019-03-24__18:17:13 0 disk 29941 12168 60%
 
2019-03-24__18:17:24 1 / 29899 12147	 58%
2019-03-24__18:17:24 1 /boot 42 21	 51%
2019-03-24__18:17:24 0 disk 29941 12168 60%
 
2019-03-24__18:17:34 1 / 29899 12147	 58%
2019-03-24__18:17:34 1 /boot 42 21	 51%
2019-03-24__18:17:34 0 disk 29941 12168 60%
 
2019-03-24__18:17:44 1 / 29899 12147	 58%
2019-03-24__18:17:44 1 /boot 42 21	 51%
2019-03-24__18:17:44 0 disk 29941 12168 60%
 
2019-03-24__18:17:54 1 / 29899 12147	 58%
2019-03-24__18:17:54 1 /boot 42 21	 51%
2019-03-24__18:17:54 0 disk 29941 12168 60%
 
2019-03-24__18:18:04 1 / 29899 12147	 58%
2019-03-24__18:18:04 1 /boot 42 21	 51%
2019-03-24__18:18:04 0 disk 29941 12168 60%
 
2019-03-24__18:18:14 1 / 29899 12147	 58%
2019-03-24__18:18:14 1 /boot 42 21	 51%
2019-03-24__18:18:14 0 disk 29941 12168 60%
 
