2019-03-28__17:38:21 1 / 29899 12146	 58%
2019-03-28__17:38:21 1 /boot 42 21	 51%
2019-03-28__17:38:21 0 disk 29941 12167 60%
2019-03-28__17:38:31 1 / 29899 12146	 58%
2019-03-28__17:38:31 1 /boot 42 21	 51%
2019-03-28__17:38:31 0 disk 29941 12167 60%
2019-03-28__17:38:41 1 / 29899 12146	 58%
2019-03-28__17:38:41 1 /boot 42 21	 51%
2019-03-28__17:38:41 0 disk 29941 12167 60%
2019-03-28__17:38:51 1 / 29899 12146	 58%
2019-03-28__17:38:51 1 /boot 42 21	 51%
2019-03-28__17:38:51 0 disk 29941 12167 60%
2019-03-28__17:39:01 1 / 29899 12146	 58%
2019-03-28__17:39:01 1 /boot 42 21	 51%
2019-03-28__17:39:01 0 disk 29941 12167 60%
2019-03-28__17:39:11 1 / 29899 12146	 58%
2019-03-28__17:39:11 1 /boot 42 21	 51%
2019-03-28__17:39:11 0 disk 29941 12167 60%
2019-03-28__17:39:21 1 / 29899 12146	 58%
2019-03-28__17:39:21 1 /boot 42 21	 51%
2019-03-28__17:39:21 0 disk 29941 12167 60%
2019-03-28__17:39:31 1 / 29899 12146	 58%
2019-03-28__17:39:31 1 /boot 42 21	 51%
2019-03-28__17:39:31 0 disk 29941 12167 60%
2019-03-28__17:39:41 1 / 29899 12146	 58%
2019-03-28__17:39:41 1 /boot 42 21	 51%
2019-03-28__17:39:41 0 disk 29941 12167 60%
2019-03-28__17:39:51 1 / 29899 12146	 58%
2019-03-28__17:39:51 1 /boot 42 21	 51%
2019-03-28__17:39:51 0 disk 29941 12167 60%
